<?xml version="1.0" encoding="UTF-8"?>
<testsuite xmlns:xsi="http://www.w3.org/2001/XMLSchema-instance" xsi:noNamespaceSchemaLocation="https://maven.apache.org/surefire/maven-surefire-plugin/xsd/surefire-test-report.xsd" name="dev.mateusm.env.EnvTest" time="0.056" tests="11" errors="0" skipped="0" failures="0">
  <properties>
    <property name="java.specification.version" value="17"/>
    <property name="sun.jnu.encoding" value="UTF-8"/>
    <property name="java.class.path" value="/Users/mateusnascimento/Documents/repos/env_loader/target/test-classes:/Users/mateusnascimento/Documents/repos/env_loader/target/classes:/Users/mateusnascimento/.m2/repository/junit/junit/4.13.2/junit-4.13.2.jar:/Users/mateusnascimento/.m2/repository/org/hamcrest/hamcrest-core/1.3/hamcrest-core-1.3.jar:"/>
    <property name="java.vm.vendor" value="Oracle Corporation"/>
    <property name="sun.arch.data.model" value="64"/>
    <property name="java.vendor.url" value="https://java.oracle.com/"/>
    <property name="os.name" value="Mac OS X"/>
    <property name="java.vm.specification.version" value="17"/>
    <property name="sun.java.launcher" value="SUN_STANDARD"/>
    <property name="user.country" value="US"/>
    <property name="sun.boot.library.path" value="/Library/Java/JavaVirtualMachines/jdk-17.0.1.jdk/Contents/Home/lib"/>
    <property name="sun.java.command" value="/Users/mateusnascimento/Documents/repos/env_loader/target/surefire/surefirebooter10588870628935462562.jar /Users/mateusnascimento/Documents/repos/env_loader/target/surefire 2023-05-21T09-35-29_001-jvmRun1 surefire1261269983360812267tmp surefire_017009914283648293280tmp"/>
    <property name="jdk.debug" value="release"/>
    <property name="surefire.test.class.path" value="/Users/mateusnascimento/Documents/repos/env_loader/target/test-classes:/Users/mateusnascimento/Documents/repos/env_loader/target/classes:/Users/mateusnascimento/.m2/repository/junit/junit/4.13.2/junit-4.13.2.jar:/Users/mateusnascimento/.m2/repository/org/hamcrest/hamcrest-core/1.3/hamcrest-core-1.3.jar:"/>
    <property name="sun.cpu.endian" value="little"/>
    <property name="user.home" value="/Users/mateusnascimento"/>
    <property name="user.language" value="en"/>
    <property name="java.specification.vendor" value="Oracle Corporation"/>
    <property name="java.version.date" value="2021-10-19"/>
    <property name="java.home" value="/Library/Java/JavaVirtualMachines/jdk-17.0.1.jdk/Contents/Home"/>
    <property name="file.separator" value="/"/>
    <property name="basedir" value="/Users/mateusnascimento/Documents/repos/env_loader"/>
    <property name="java.vm.compressedOopsMode" value="Zero based"/>
    <property name="line.separator" value="&#10;"/>
    <property name="java.vm.specification.vendor" value="Oracle Corporation"/>
    <property name="java.specification.name" value="Java Platform API Specification"/>
    <property name="surefire.real.class.path" value="/Users/mateusnascimento/Documents/repos/env_loader/target/surefire/surefirebooter10588870628935462562.jar"/>
    <property name="sun.management.compiler" value="HotSpot 64-Bit Tiered Compilers"/>
    <property name="java.runtime.version" value="17.0.1+12-LTS-39"/>
    <property name="user.name" value="mateusnascimento"/>
    <property name="path.separator" value=":"/>
    <property name="os.version" value="12.6"/>
    <property name="java.runtime.name" value="Java(TM) SE Runtime Environment"/>
    <property name="file.encoding" value="UTF-8"/>
    <property name="java.vm.name" value="Java HotSpot(TM) 64-Bit Server VM"/>
    <property name="localRepository" value="/Users/mateusnascimento/.m2/repository"/>
    <property name="java.vendor.url.bug" value="https://bugreport.java.com/bugreport/"/>
    <property name="java.io.tmpdir" value="/var/folders/2s/4wkfz0vx2rqg9v1wtqtbg5240000gn/T/"/>
    <property name="java.version" value="17.0.1"/>
    <property name="user.dir" value="/Users/mateusnascimento/Documents/repos/env_loader"/>
    <property name="os.arch" value="x86_64"/>
    <property name="java.vm.specification.name" value="Java Virtual Machine Specification"/>
    <property name="native.encoding" value="UTF-8"/>
    <property name="java.library.path" value="/Users/mateusnascimento/Library/Java/Extensions:/Library/Java/Extensions:/Network/Library/Java/Extensions:/System/Library/Java/Extensions:/usr/lib/java:."/>
    <property name="java.vm.info" value="mixed mode, sharing"/>
    <property name="java.vendor" value="Oracle Corporation"/>
    <property name="java.vm.version" value="17.0.1+12-LTS-39"/>
    <property name="sun.io.unicode.encoding" value="UnicodeBig"/>
    <property name="java.class.version" value="61.0"/>
  </properties>
  <testcase name="shouldThrowWhenLineHasOnlyKey" classname="dev.mateusm.env.EnvTest" time="0.014"/>
  <testcase name="shouldBeEmptyWithEmptyFile" classname="dev.mateusm.env.EnvTest" time="0"/>
  <testcase name="shouldThrowWhenOneLineHasOnlyKey" classname="dev.mateusm.env.EnvTest" time="0.001"/>
  <testcase name="shouldOverwriteValueForRepeatedKey" classname="dev.mateusm.env.EnvTest" time="0.001"/>
  <testcase name="shouldProperlyParseFileWithSingleLine" classname="dev.mateusm.env.EnvTest" time="0.001"/>
  <testcase name="shouldThrowWhenEnvFileDoesntExist" classname="dev.mateusm.env.EnvTest" time="0.001"/>
  <testcase name="shouldIgnoreLeadingWhitespacesInLine" classname="dev.mateusm.env.EnvTest" time="0.001"/>
  <testcase name="shouldThrowWhenWhenLineHasValueWithoutKey" classname="dev.mateusm.env.EnvTest" time="0.002"/>
  <testcase name="shouldProperlyParseFileWithMultipleLines" classname="dev.mateusm.env.EnvTest" time="0.001"/>
  <testcase name="shouldThrowWhenFileHasLineOfValueWithoutKeyAndOtherLines" classname="dev.mateusm.env.EnvTest" time="0.002"/>
  <testcase name="shouldThrowWhenOneLineHasNeitherKeyNorValue" classname="dev.mateusm.env.EnvTest" time="0.001"/>
</testsuite>